2021-02-01 03:38:07,926: [INFO] : Fetching Google Workspace status RSS feed.
2021-02-01 03:38:08,953: [INFO] : Fetching alerts...
2021-02-01 03:38:08,955: [INFO] : Details: No update
2021-02-01 03:38:08,955: [INFO] : Script runtime complete. Exiting with code 0
2021-02-01 03:38:08,955: [INFO] : Fetching Google Workspace status RSS feed.
2021-02-01 03:38:09,649: [INFO] : Fetching alerts...
2021-02-01 03:38:09,651: [INFO] : Details: We're investigating reports of an issue with Google Drive. We will provide more information shortly.
2021-02-01 03:38:09,651: [INFO] : Script runtime complete. Exiting with code 1
2021-02-01 03:38:09,651: [INFO] : Fetching Google Workspace status RSS feed.
2021-02-01 03:38:09,973: [INFO] : Fetching alerts...
2021-02-01 03:38:09,975: [INFO] : Details: We are continuing to investigate this issue. We will provide an update by November 17, 2020 9:19:00 AM PST detailing when we expect to resolve the problem.
2021-02-01 03:38:09,975: [INFO] : Script runtime complete. Exiting with code 1
2021-02-01 03:38:09,975: [INFO] : Fetching Google Workspace status RSS feed.
2021-02-01 03:38:10,137: [INFO] : Fetching alerts...
2021-02-01 03:38:10,140: [INFO] : Details: We are continuing to investigate this issue. We will provide an update by November 17, 2020 10:20:00 AM PST detailing when we expect to resolve the problem.
2021-02-01 03:38:10,140: [INFO] : Script runtime complete. Exiting with code 1
2021-02-01 03:38:10,140: [INFO] : Fetching Google Workspace status RSS feed.
2021-02-01 03:38:10,464: [INFO] : Fetching alerts...
2021-02-01 03:38:10,469: [INFO] : Details: The problem with Google Drive has been resolved. We apologize for the inconvenience and thank you for your patience and continued support. Please rest assured that system reliability is a top priority at Google, and we are making continuous improvements to make our systems better.
2021-02-01 03:38:10,469: [INFO] : Script runtime complete. Exiting with code 0
2021-02-01 03:38:10,469: [INFO] : Fetching Google Workspace status RSS feed.
2021-02-01 03:38:11,349: [INFO] : Fetching alerts...
2021-02-01 03:38:11,353: [INFO] : Details: The problem with Gmail has been resolved. We apologize for the inconvenience and thank you for your patience and continued support. Please rest assured that system reliability is a top priority at Google, and we are making continuous improvements to make our systems better.
2021-02-01 03:38:11,354: [INFO] : Script runtime complete. Exiting with code 0
2021-02-01 03:39:53,562: [INFO] : Fetching Google Workspace status RSS feed.
2021-02-01 03:39:54,635: [INFO] : Fetching alerts...
2021-02-01 03:39:54,636: [INFO] : Details: No update
2021-02-01 03:39:54,636: [INFO] : Script runtime complete. Exiting with code 0
2021-02-01 03:39:54,637: [INFO] : Fetching Google Workspace status RSS feed.
2021-02-01 03:39:54,967: [INFO] : Fetching alerts...
2021-02-01 03:39:54,969: [INFO] : Details: We're investigating reports of an issue with Google Drive. We will provide more information shortly.
2021-02-01 03:39:54,969: [INFO] : Script runtime complete. Exiting with code 1
2021-02-01 03:39:54,969: [INFO] : Fetching Google Workspace status RSS feed.
2021-02-01 03:39:55,456: [INFO] : Fetching alerts...
2021-02-01 03:39:55,458: [INFO] : Details: We are continuing to investigate this issue. We will provide an update by November 17, 2020 9:19:00 AM PST detailing when we expect to resolve the problem.
2021-02-01 03:39:55,458: [INFO] : Script runtime complete. Exiting with code 1
2021-02-01 03:39:55,458: [INFO] : Fetching Google Workspace status RSS feed.
2021-02-01 03:39:55,894: [INFO] : Fetching alerts...
2021-02-01 03:39:55,897: [INFO] : Details: We are continuing to investigate this issue. We will provide an update by November 17, 2020 10:20:00 AM PST detailing when we expect to resolve the problem.
2021-02-01 03:39:55,897: [INFO] : Script runtime complete. Exiting with code 1
2021-02-01 03:39:55,897: [INFO] : Fetching Google Workspace status RSS feed.
2021-02-01 03:39:56,184: [INFO] : Fetching alerts...
2021-02-01 03:39:56,189: [INFO] : Details: The problem with Google Drive has been resolved. We apologize for the inconvenience and thank you for your patience and continued support. Please rest assured that system reliability is a top priority at Google, and we are making continuous improvements to make our systems better.
2021-02-01 03:39:56,189: [INFO] : Script runtime complete. Exiting with code 0
2021-02-01 03:39:56,189: [INFO] : Fetching Google Workspace status RSS feed.
2021-02-01 03:39:56,684: [INFO] : Fetching alerts...
2021-02-01 03:39:56,689: [INFO] : Details: The problem with Gmail has been resolved. We apologize for the inconvenience and thank you for your patience and continued support. Please rest assured that system reliability is a top priority at Google, and we are making continuous improvements to make our systems better.
2021-02-01 03:39:56,689: [INFO] : Script runtime complete. Exiting with code 0
2021-02-01 03:40:04,863: [INFO] : Fetching Google Workspace status RSS feed.
2021-02-01 03:40:05,139: [INFO] : Fetching alerts...
2021-02-01 03:40:05,140: [INFO] : Details: No update
2021-02-01 03:40:05,140: [INFO] : Script runtime complete. Exiting with code 0
2021-02-01 03:40:05,140: [INFO] : Fetching Google Workspace status RSS feed.
2021-02-01 03:40:05,362: [INFO] : Fetching alerts...
2021-02-01 03:40:05,363: [INFO] : Details: We're investigating reports of an issue with Google Drive. We will provide more information shortly.
2021-02-01 03:40:05,363: [INFO] : Script runtime complete. Exiting with code 1
2021-02-01 03:40:05,363: [INFO] : Fetching Google Workspace status RSS feed.
2021-02-01 03:40:05,856: [INFO] : Fetching alerts...
2021-02-01 03:40:05,858: [INFO] : Details: We are continuing to investigate this issue. We will provide an update by November 17, 2020 9:19:00 AM PST detailing when we expect to resolve the problem.
2021-02-01 03:40:05,858: [INFO] : Script runtime complete. Exiting with code 1
2021-02-01 03:40:05,858: [INFO] : Fetching Google Workspace status RSS feed.
2021-02-01 03:40:06,413: [INFO] : Fetching alerts...
2021-02-01 03:40:06,417: [INFO] : Details: We are continuing to investigate this issue. We will provide an update by November 17, 2020 10:20:00 AM PST detailing when we expect to resolve the problem.
2021-02-01 03:40:06,417: [INFO] : Script runtime complete. Exiting with code 1
2021-02-01 03:40:06,417: [INFO] : Fetching Google Workspace status RSS feed.
2021-02-01 03:40:06,926: [INFO] : Fetching alerts...
2021-02-01 03:40:06,930: [INFO] : Details: The problem with Google Drive has been resolved. We apologize for the inconvenience and thank you for your patience and continued support. Please rest assured that system reliability is a top priority at Google, and we are making continuous improvements to make our systems better.
2021-02-01 03:40:06,930: [INFO] : Script runtime complete. Exiting with code 0
2021-02-01 03:40:06,931: [INFO] : Fetching Google Workspace status RSS feed.
2021-02-01 03:40:07,525: [INFO] : Fetching alerts...
2021-02-01 03:40:07,530: [INFO] : Details: The problem with Gmail has been resolved. We apologize for the inconvenience and thank you for your patience and continued support. Please rest assured that system reliability is a top priority at Google, and we are making continuous improvements to make our systems better.
2021-02-01 03:40:07,530: [INFO] : Script runtime complete. Exiting with code 0
